<?xml version="1.0" encoding="UTF-8"?>
<!-- Generated by org.testng.reporters.JUnitReportReporter -->
<testsuite hostname="DESKTOP-JL3SFV8" failures="0" tests="1" name="com.String_Programs.Given_Word_Present_r_Not" time="4.390" errors="0" timestamp="2024-10-04T17:35:22 IST" skipped="0">
  <testcase classname="com.String_Programs.Given_Word_Present_r_Not" name="giveWordIsPresentOrNot_Use_Scanner" time="4.390"/>
</testsuite> <!-- com.String_Programs.Given_Word_Present_r_Not -->
