<?xml version="1.0" encoding="UTF-8"?>
<!-- Generated by org.testng.reporters.JUnitReportReporter -->
<testsuite hostname="DESKTOP-JL3SFV8" failures="0" tests="1" name="BasicJavaTekPYRAMID.Samp" time="0.009" errors="0" timestamp="2024-07-28T15:24:28 IST" skipped="0">
  <testcase classname="BasicJavaTekPYRAMID.Samp" name="LargestEleInArr" time="0.009"/>
</testsuite> <!-- BasicJavaTekPYRAMID.Samp -->
