<?xml version="1.0" encoding="UTF-8"?>
<!-- Generated by org.testng.reporters.JUnitReportReporter -->
<testsuite hostname="DESKTOP-JL3SFV8" failures="0" tests="1" name="com.String_Programs.ReplaceVowelseWithSpace" time="0.010" errors="0" timestamp="2024-07-25T10:49:22 IST" skipped="0">
  <testcase classname="com.String_Programs.ReplaceVowelseWithSpace" name="replaceVowelseWithSpace3" time="0.010"/>
</testsuite> <!-- com.String_Programs.ReplaceVowelseWithSpace -->
