<?xml version="1.0" encoding="UTF-8"?>
<!-- Generated by org.testng.reporters.JUnitReportReporter -->
<testsuite hostname="DESKTOP-JL3SFV8" failures="0" tests="1" name="com.String_Programs.PalindromeString" time="0.007" errors="0" timestamp="2024-07-22T17:00:21 IST" skipped="0">
  <testcase classname="com.String_Programs.PalindromeString" name="palindromeString" time="0.007"/>
</testsuite> <!-- com.String_Programs.PalindromeString -->
