<?xml version="1.0" encoding="UTF-8"?>
<!-- Generated by org.testng.reporters.JUnitReportReporter -->
<testsuite hostname="DESKTOP-JL3SFV8" failures="0" tests="1" name="com.String_Programs.FindLargestWordString" time="0.010" errors="0" timestamp="2024-07-23T11:13:01 IST" skipped="0">
  <testcase classname="com.String_Programs.FindLargestWordString" name="findLargestWordInString" time="0.010"/>
</testsuite> <!-- com.String_Programs.FindLargestWordString -->
