<?xml version="1.0" encoding="UTF-8"?>
<!-- Generated by org.testng.reporters.JUnitReportReporter -->
<testsuite hostname="DESKTOP-JL3SFV8" failures="0" tests="1" name="com.Array_Programs.MergeTwoArrEle" time="0.009" errors="0" timestamp="2024-07-23T15:36:11 IST" skipped="0">
  <testcase classname="com.Array_Programs.MergeTwoArrEle" name="mergeTwoArrayEle" time="0.009"/>
</testsuite> <!-- com.Array_Programs.MergeTwoArrEle -->
