<?xml version="1.0" encoding="UTF-8"?>
<!-- Generated by org.testng.reporters.JUnitReportReporter -->
<testsuite hostname="DESKTOP-JL3SFV8" failures="0" tests="1" name="com.Array_Programs.CopyArrayInRevOrder" time="0.010" errors="0" timestamp="2024-08-12T10:55:40 IST" skipped="0">
  <testcase classname="com.Array_Programs.CopyArrayInRevOrder" name="copyOneArrEleToAnotherArrRevOrd2" time="0.010"/>
</testsuite> <!-- com.Array_Programs.CopyArrayInRevOrder -->
