<?xml version="1.0" encoding="UTF-8"?>
<!-- Generated by org.testng.reporters.JUnitReportReporter -->
<testsuite hostname="DESKTOP-JL3SFV8" failures="0" tests="1" name="com.Array_Programs.SortArrAssendingOrder" time="0.007" errors="0" timestamp="2024-08-13T13:14:29 IST" skipped="0">
  <testcase classname="com.Array_Programs.SortArrAssendingOrder" name="sortAnArrInAsseOrder2" time="0.007"/>
</testsuite> <!-- com.Array_Programs.SortArrAssendingOrder -->
