<?xml version="1.0" encoding="UTF-8"?>
<!-- Generated by org.testng.reporters.JUnitReportReporter -->
<testsuite hostname="DESKTOP-JL3SFV8" failures="0" tests="1" name="com.Array_Programs.LeftShiftAnArr" time="0.013" errors="0" timestamp="2024-10-02T21:32:34 IST" skipped="0">
  <testcase classname="com.Array_Programs.LeftShiftAnArr" name="lefyShiftAnArray" time="0.013"/>
</testsuite> <!-- com.Array_Programs.LeftShiftAnArr -->
