<?xml version="1.0" encoding="UTF-8"?>
<!-- Generated by org.testng.reporters.JUnitReportReporter -->
<testsuite hostname="DESKTOP-JL3SFV8" failures="0" tests="1" name="com.String_Programs.Print_Dup_Cha_Vowels" time="0.008" errors="0" timestamp="2024-08-28T19:46:48 IST" skipped="0">
  <testcase classname="com.String_Programs.Print_Dup_Cha_Vowels" name="duplicateCharInVowels" time="0.008"/>
</testsuite> <!-- com.String_Programs.Print_Dup_Cha_Vowels -->
