<?xml version="1.0" encoding="UTF-8"?>
<!-- Generated by org.testng.reporters.JUnitReportReporter -->
<testsuite hostname="DESKTOP-JL3SFV8" failures="0" tests="1" name="BasicJavaTekPYRAMID.MoveZerosToStartArr" time="0.012" errors="0" timestamp="2024-08-02T18:47:49 IST" skipped="0">
  <testcase classname="BasicJavaTekPYRAMID.MoveZerosToStartArr" name="moveZeros" time="0.012"/>
</testsuite> <!-- BasicJavaTekPYRAMID.MoveZerosToStartArr -->
