<?xml version="1.0" encoding="UTF-8"?>
<!-- Generated by org.testng.reporters.JUnitReportReporter -->
<testsuite hostname="DESKTOP-JL3SFV8" failures="0" tests="1" name="com.Array_Programs.MoveAllZerosFromEnd" time="0.012" errors="0" timestamp="2024-08-22T16:36:38 IST" skipped="0">
  <testcase classname="com.Array_Programs.MoveAllZerosFromEnd" name="moveAllZerosFromTheEnd1" time="0.012"/>
</testsuite> <!-- com.Array_Programs.MoveAllZerosFromEnd -->
