<?xml version="1.0" encoding="UTF-8"?>
<!-- Generated by org.testng.reporters.JUnitReportReporter -->
<testsuite hostname="DESKTOP-JL3SFV8" failures="0" tests="1" name="com.String_Programs.Lexicographically_String" time="0.009" errors="0" timestamp="2024-10-04T18:24:37 IST" skipped="0">
  <testcase classname="com.String_Programs.Lexicographically_String" name="lexicographicallyString" time="0.009"/>
</testsuite> <!-- com.String_Programs.Lexicographically_String -->
