<?xml version="1.0" encoding="UTF-8"?>
<!-- Generated by org.testng.reporters.JUnitReportReporter -->
<testsuite hostname="DESKTOP-JL3SFV8" failures="0" tests="1" name="com.String_Programs.FrequencyOfWord" time="0.012" errors="0" timestamp="2024-08-10T10:35:20 IST" skipped="0">
  <testcase classname="com.String_Programs.FrequencyOfWord" name="frequencyOfEachWord" time="0.012"/>
</testsuite> <!-- com.String_Programs.FrequencyOfWord -->
