<?xml version="1.0" encoding="UTF-8"?>
<!-- Generated by org.testng.reporters.JUnitReportReporter -->
<testsuite hostname="DESKTOP-JL3SFV8" failures="0" tests="1" name="com.String_Programs.Replace_Char_Another_Char" time="0.010" errors="0" timestamp="2024-08-21T10:26:40 IST" skipped="0">
  <testcase classname="com.String_Programs.Replace_Char_Another_Char" name="replace4" time="0.010"/>
</testsuite> <!-- com.String_Programs.Replace_Char_Another_Char -->
