<?xml version="1.0" encoding="UTF-8"?>
<!-- Generated by org.testng.reporters.JUnitReportReporter -->
<testsuite hostname="DESKTOP-JL3SFV8" failures="0" tests="1" name="String_Spcl_FormateProg.Spcl_Pro_5" time="0.012" errors="0" timestamp="2024-08-21T17:28:11 IST" skipped="0">
  <testcase classname="String_Spcl_FormateProg.Spcl_Pro_5" name="spclPro_5" time="0.012"/>
</testsuite> <!-- String_Spcl_FormateProg.Spcl_Pro_5 -->
