<?xml version="1.0" encoding="UTF-8"?>
<!-- Generated by org.testng.reporters.JUnitReportReporter -->
<testsuite hostname="DESKTOP-JL3SFV8" failures="0" tests="1" name="com.Array_Programs.Z4_Transpose_Of_Matrix" time="0.012" errors="0" timestamp="2024-10-03T16:25:59 IST" skipped="0">
  <testcase classname="com.Array_Programs.Z4_Transpose_Of_Matrix" name="trans" time="0.012"/>
</testsuite> <!-- com.Array_Programs.Z4_Transpose_Of_Matrix -->
