<?xml version="1.0" encoding="UTF-8"?>
<!-- Generated by org.testng.reporters.JUnitReportReporter -->
<testsuite hostname="DESKTOP-JL3SFV8" failures="0" tests="1" name="com.String_Programs.Reverse_String_without_rev_word" time="0.011" errors="0" timestamp="2024-10-04T15:19:28 IST" skipped="0">
  <testcase classname="com.String_Programs.Reverse_String_without_rev_word" name="reverse_String2" time="0.011"/>
</testsuite> <!-- com.String_Programs.Reverse_String_without_rev_word -->
