<?xml version="1.0" encoding="UTF-8"?>
<!-- Generated by org.testng.reporters.JUnitReportReporter -->
<testsuite hostname="DESKTOP-JL3SFV8" failures="0" tests="1" name="String_Spcl_FormateProg.Spcl_pro_2" time="0.011" errors="0" timestamp="2024-08-21T12:51:08 IST" skipped="0">
  <testcase classname="String_Spcl_FormateProg.Spcl_pro_2" name="spcl_Pro_2_2" time="0.011"/>
</testsuite> <!-- String_Spcl_FormateProg.Spcl_pro_2 -->
