<?xml version="1.0" encoding="UTF-8"?>
<!-- Generated by org.testng.reporters.JUnitReportReporter -->
<testsuite hostname="DESKTOP-JL3SFV8" failures="0" tests="1" name="com.String_Programs.Spcl_Alternate_Str" time="0.059" errors="0" timestamp="2024-09-02T12:53:05 IST" skipped="0">
  <testcase classname="com.String_Programs.Spcl_Alternate_Str" name="sample2" time="0.059"/>
</testsuite> <!-- com.String_Programs.Spcl_Alternate_Str -->
