<?xml version="1.0" encoding="UTF-8"?>
<!-- Generated by org.testng.reporters.JUnitReportReporter -->
<testsuite hostname="DESKTOP-JL3SFV8" failures="0" tests="1" name="com.Array_Programs.MaxFrequencyEle" time="0.009" errors="0" timestamp="2024-08-12T14:46:46 IST" skipped="0">
  <testcase classname="com.Array_Programs.MaxFrequencyEle" name="maxFrequencyEle" time="0.009"/>
</testsuite> <!-- com.Array_Programs.MaxFrequencyEle -->
