<?xml version="1.0" encoding="UTF-8"?>
<!-- Generated by org.testng.reporters.JUnitReportReporter -->
<testsuite hostname="DESKTOP-JL3SFV8" failures="0" tests="1" name="BasicJavaTekPYRAMID.Sample" time="0.014" errors="0" timestamp="2024-07-29T17:28:00 IST" skipped="0">
  <testcase classname="BasicJavaTekPYRAMID.Sample" name="sample3" time="0.014"/>
</testsuite> <!-- BasicJavaTekPYRAMID.Sample -->
