<?xml version="1.0" encoding="UTF-8"?>
<!-- Generated by org.testng.reporters.JUnitReportReporter -->
<testsuite hostname="DESKTOP-JL3SFV8" failures="0" tests="1" name="pattranPrograms.Spcl_Num_Patran_Pro" time="0.013" errors="0" timestamp="2024-09-02T18:08:55 IST" skipped="0">
  <testcase classname="pattranPrograms.Spcl_Num_Patran_Pro" name="spcl_Num_Pro" time="0.013"/>
</testsuite> <!-- pattranPrograms.Spcl_Num_Patran_Pro -->
