<?xml version="1.0" encoding="UTF-8"?>
<!-- Generated by org.testng.reporters.JUnitReportReporter -->
<testsuite hostname="DESKTOP-JL3SFV8" failures="0" tests="1" name="com.String_Programs.AnagramString_r_Not" time="0.008" errors="0" timestamp="2024-10-04T18:04:58 IST" skipped="0">
  <testcase classname="com.String_Programs.AnagramString_r_Not" name="anagramString" time="0.008"/>
</testsuite> <!-- com.String_Programs.AnagramString_r_Not -->
