<?xml version="1.0" encoding="UTF-8"?>
<!-- Generated by org.testng.reporters.JUnitReportReporter -->
<testsuite hostname="DESKTOP-JL3SFV8" failures="0" tests="1" name="com.Array_Programs.SortArrDescendingOrder" time="0.008" errors="0" timestamp="2024-07-23T23:26:55 IST" skipped="0">
  <testcase classname="com.Array_Programs.SortArrDescendingOrder" name="sortAnArrInDescendingOrder" time="0.008"/>
</testsuite> <!-- com.Array_Programs.SortArrDescendingOrder -->
