<?xml version="1.0" encoding="UTF-8"?>
<!-- Generated by org.testng.reporters.JUnitReportReporter -->
<testsuite hostname="DESKTOP-JL3SFV8" failures="0" tests="1" name="com.Array_Programs.SeconsmallestEle" time="0.014" errors="0" timestamp="2024-08-13T12:40:06 IST" skipped="0">
  <testcase classname="com.Array_Programs.SeconsmallestEle" name="secondSmallestEle" time="0.014"/>
</testsuite> <!-- com.Array_Programs.SeconsmallestEle -->
