<?xml version="1.0" encoding="UTF-8"?>
<!-- Generated by org.testng.reporters.JUnitReportReporter -->
<testsuite hostname="DESKTOP-JL3SFV8" failures="0" tests="1" name="String_Spcl_FormateProg.Spcl_Pro_8" time="0.011" errors="0" timestamp="2024-09-02T18:08:10 IST" skipped="0">
  <testcase classname="String_Spcl_FormateProg.Spcl_Pro_8" name="spclPro_8" time="0.011"/>
</testsuite> <!-- String_Spcl_FormateProg.Spcl_Pro_8 -->
