<?xml version="1.0" encoding="UTF-8"?>
<!-- Generated by org.testng.reporters.JUnitReportReporter -->
<testsuite hostname="DESKTOP-JL3SFV8" failures="0" tests="1" name="com.String_Programs.LongestPalindromicSubstring" time="0.009" errors="0" timestamp="2024-08-20T18:42:57 IST" skipped="0">
  <testcase classname="com.String_Programs.LongestPalindromicSubstring" name="findLongestPalindromeSubStringinGivenString" time="0.009"/>
</testsuite> <!-- com.String_Programs.LongestPalindromicSubstring -->
