<?xml version="1.0" encoding="UTF-8"?>
<!-- Generated by org.testng.reporters.JUnitReportReporter -->
<testsuite hostname="DESKTOP-JL3SFV8" failures="0" tests="1" name="com.Array_Programs.Samp" time="0.008" errors="0" timestamp="2024-07-25T16:41:43 IST" skipped="0">
  <testcase classname="com.Array_Programs.Samp" name="samp1" time="0.008"/>
</testsuite> <!-- com.Array_Programs.Samp -->
