<?xml version="1.0" encoding="UTF-8"?>
<!-- Generated by org.testng.reporters.JUnitReportReporter -->
<testsuite hostname="DESKTOP-JL3SFV8" failures="0" tests="1" name="com.String_Programs.ConvertingStringUpperCase" time="0.009" errors="0" timestamp="2024-07-23T10:28:23 IST" skipped="0">
  <testcase classname="com.String_Programs.ConvertingStringUpperCase" name="convertingStringIntoLowerCase" time="0.009"/>
</testsuite> <!-- com.String_Programs.ConvertingStringUpperCase -->
