<?xml version="1.0" encoding="UTF-8"?>
<!-- Generated by org.testng.reporters.JUnitReportReporter -->
<testsuite hostname="DESKTOP-JL3SFV8" failures="0" tests="1" name="com.Array_Programs.MaxFrequency" time="0.009" errors="0" timestamp="2024-10-03T10:10:49 IST" skipped="0">
  <testcase classname="com.Array_Programs.MaxFrequency" name="maxFrequency" time="0.009"/>
</testsuite> <!-- com.Array_Programs.MaxFrequency -->
