<?xml version="1.0" encoding="UTF-8"?>
<!-- Generated by org.testng.reporters.JUnitReportReporter -->
<testsuite hostname="DESKTOP-JL3SFV8" failures="0" tests="1" name="com.String_Programs.Print_vowels_consonants" time="0.011" errors="0" timestamp="2024-10-04T10:14:56 IST" skipped="0">
  <testcase classname="com.String_Programs.Print_vowels_consonants" name="sample" time="0.011"/>
</testsuite> <!-- com.String_Programs.Print_vowels_consonants -->
