<?xml version="1.0" encoding="UTF-8"?>
<!-- Generated by org.testng.reporters.JUnitReportReporter -->
<testsuite hostname="DESKTOP-JL3SFV8" failures="0" tests="1" name="BasicJavaTekPYRAMID.ScreeningPrograms" time="0.010" errors="0" timestamp="2024-07-29T18:47:39 IST" skipped="0">
  <testcase classname="BasicJavaTekPYRAMID.ScreeningPrograms" name="sample7" time="0.010"/>
</testsuite> <!-- BasicJavaTekPYRAMID.ScreeningPrograms -->
