<?xml version="1.0" encoding="UTF-8"?>
<!-- Generated by org.testng.reporters.JUnitReportReporter -->
<testsuite hostname="DESKTOP-JL3SFV8" failures="0" tests="1" name="com.Array_Programs.RemoveDuplicateAnArr" time="0.011" errors="0" timestamp="2024-10-03T08:30:20 IST" skipped="0">
  <testcase classname="com.Array_Programs.RemoveDuplicateAnArr" name="removeDuplicateAnArray2" time="0.011"/>
</testsuite> <!-- com.Array_Programs.RemoveDuplicateAnArr -->
