<?xml version="1.0" encoding="UTF-8"?>
<!-- Generated by org.testng.reporters.JUnitReportReporter -->
<testsuite hostname="DESKTOP-JL3SFV8" failures="0" tests="2" name="BasicJavaTekPYRAMID.Sample_Samp" time="0.010" errors="0" timestamp="2024-10-03T15:23:48 IST" skipped="0">
  <testcase classname="BasicJavaTekPYRAMID.Sample_Samp" name="sample" time="0.008"/>
  <testcase classname="BasicJavaTekPYRAMID.Sample_Samp" name="sample" time="0.002"/>
</testsuite> <!-- BasicJavaTekPYRAMID.Sample_Samp -->
