<?xml version="1.0" encoding="UTF-8"?>
<!-- Generated by org.testng.reporters.JUnitReportReporter -->
<testsuite hostname="DESKTOP-JL3SFV8" failures="0" tests="1" name="com.String_Programs.ReverseEachWord" time="0.012" errors="0" timestamp="2024-10-04T15:06:10 IST" skipped="0">
  <testcase classname="com.String_Programs.ReverseEachWord" name="reverseEachAndEvreyWord" time="0.012"/>
</testsuite> <!-- com.String_Programs.ReverseEachWord -->
