<?xml version="1.0" encoding="UTF-8"?>
<!-- Generated by org.testng.reporters.JUnitReportReporter -->
<testsuite hostname="DESKTOP-JL3SFV8" failures="0" tests="1" name="com.String_Programs.SmalestPalindrome_String" time="0.011" errors="0" timestamp="2024-08-31T16:15:52 IST" skipped="0">
  <testcase classname="com.String_Programs.SmalestPalindrome_String" name="small2" time="0.011"/>
</testsuite> <!-- com.String_Programs.SmalestPalindrome_String -->
