<?xml version="1.0" encoding="UTF-8"?>
<!-- Generated by org.testng.reporters.JUnitReportReporter -->
<testsuite hostname="DESKTOP-JL3SFV8" failures="0" tests="1" name="com.Array_Programs.LengthOfAnArray" time="63.985" errors="0" timestamp="2024-10-08T10:03:53 IST" skipped="0">
  <testcase classname="com.Array_Programs.LengthOfAnArray" name="lengthOrSizeOfAnArray" time="63.985"/>
</testsuite> <!-- com.Array_Programs.LengthOfAnArray -->
