<?xml version="1.0" encoding="UTF-8"?>
<!-- Generated by org.testng.reporters.JUnitReportReporter -->
<testsuite hostname="DESKTOP-JL3SFV8" failures="0" tests="1" name="com.String_Programs.RemoveDuplicatesFromString" time="0.011" errors="0" timestamp="2024-10-04T11:31:08 IST" skipped="0">
  <testcase classname="com.String_Programs.RemoveDuplicatesFromString" name="removeDuplicateFromString3" time="0.011"/>
</testsuite> <!-- com.String_Programs.RemoveDuplicatesFromString -->
