<?xml version="1.0" encoding="UTF-8"?>
<!-- Generated by org.testng.reporters.JUnitReportReporter -->
<testsuite hostname="DESKTOP-JL3SFV8" failures="0" tests="2" name="com.String_Programs.LengthOfString" time="0.012" errors="0" timestamp="2024-07-22T10:37:17 IST" skipped="0">
  <testcase classname="com.String_Programs.LengthOfString" name="lengOrCountOfString2" time="0.002"/>
  <testcase classname="com.String_Programs.LengthOfString" name="lengOrCountOfString" time="0.010"/>
</testsuite> <!-- com.String_Programs.LengthOfString -->
