<?xml version="1.0" encoding="UTF-8"?>
<!-- Generated by org.testng.reporters.JUnitReportReporter -->
<testsuite hostname="DESKTOP-JL3SFV8" failures="0" tests="1" name="com.Array_Programs.SecondLargestEleInArr" time="0.015" errors="0" timestamp="2024-08-12T22:59:35 IST" skipped="0">
  <testcase classname="com.Array_Programs.SecondLargestEleInArr" name="secondMaxEle" time="0.015"/>
</testsuite> <!-- com.Array_Programs.SecondLargestEleInArr -->
