<?xml version="1.0" encoding="UTF-8"?>
<!-- Generated by org.testng.reporters.JUnitReportReporter -->
<testsuite hostname="DESKTOP-JL3SFV8" failures="0" tests="1" name="com.Array_Programs.LargestEleInArr" time="0.010" errors="0" timestamp="2024-08-02T09:16:28 IST" skipped="0">
  <testcase classname="com.Array_Programs.LargestEleInArr" name="largestEleInArray" time="0.010"/>
</testsuite> <!-- com.Array_Programs.LargestEleInArr -->
