<?xml version="1.0" encoding="UTF-8"?>
<!-- Generated by org.testng.reporters.JUnitReportReporter -->
<testsuite hostname="DESKTOP-JL3SFV8" failures="0" tests="1" name="com.Array_Programs.RightShiftByUserInput" time="0.009" errors="0" timestamp="2024-07-23T18:34:30 IST" skipped="0">
  <testcase classname="com.Array_Programs.RightShiftByUserInput" name="rightShiftByUserInput" time="0.009"/>
</testsuite> <!-- com.Array_Programs.RightShiftByUserInput -->
