<?xml version="1.0" encoding="UTF-8"?>
<!-- Generated by org.testng.reporters.JUnitReportReporter -->
<testsuite hostname="DESKTOP-JL3SFV8" failures="0" tests="1" name="String_Spcl_FormateProg.Spcl_Pro_4" time="0.011" errors="0" timestamp="2024-08-21T14:46:37 IST" skipped="0">
  <testcase classname="String_Spcl_FormateProg.Spcl_Pro_4" name="spclPro_4" time="0.011"/>
</testsuite> <!-- String_Spcl_FormateProg.Spcl_Pro_4 -->
