<?xml version="1.0" encoding="UTF-8"?>
<!-- Generated by org.testng.reporters.JUnitReportReporter -->
<testsuite hostname="DESKTOP-JL3SFV8" failures="0" tests="1" name="com.String_Programs.SmallestWordInString" time="0.009" errors="0" timestamp="2024-07-25T13:13:45 IST" skipped="0">
  <testcase classname="com.String_Programs.SmallestWordInString" name="smallestWordInString" time="0.009"/>
</testsuite> <!-- com.String_Programs.SmallestWordInString -->
