<?xml version="1.0" encoding="UTF-8"?>
<!-- Generated by org.testng.reporters.JUnitReportReporter -->
<testsuite hostname="DESKTOP-JL3SFV8" failures="0" tests="1" name="com.Array_Programs.LeftShiftNoOfTimes" time="0.011" errors="0" timestamp="2024-08-12T11:28:03 IST" skipped="0">
  <testcase classname="com.Array_Programs.LeftShiftNoOfTimes" name="leftShiftNoOfTimesByUser2" time="0.011"/>
</testsuite> <!-- com.Array_Programs.LeftShiftNoOfTimes -->
